BUILD: Computing Include file dependencies:
BUILD: Examining c:\development\projects\dokaix\dokan_control directory for files to compile.
oacr invalidate root:x86chk /autocleanqueue
1>Compiling and Linking c:\development\projects\dokaix\dokan_control *************
1>'nmake.exe /nologo BUILDMSG=Stop. -i BUILD_PASS=PASS2 LINKONLY=1 NOPASS0=1 MAKEDIR_RELATIVE_TO_BASEDIR='
1> C:\WinDDK\7600.16385.1\Bin\x86\oacr\oacrlink /out:c:\development\projects\dokaix\dokan_control\objchk_win7_x86\i386\dokanctl.exe /machine:ix86 @c:\development\projects\dokaix\dokan_control\objchk_win7_x86\i386\lnk.rsp
1>Microsoft (R) Incremental Linker Version 9.00.30729.207
1>Copyright (C) Microsoft Corporation.  All rights reserved.
1>/MERGE:_PAGE=PAGE 
1>/MERGE:_TEXT=.text 
1>/SECTION:INIT,d 
1>/OPT:REF 
1>/OPT:ICF 
1>/IGNORE:4198,4010,4037,4039,4065,4070,4078,4087,4089,4221 
1>/INCREMENTAL:NO 
1>/release 
1>/NODEFAULTLIB 
1>/WX 
1>/debug 
1>/debugtype:cv,fixup,pdata 
1>/version:6.1 
1>/osversion:6.1 
1>/functionpadmin:5 
1>/safeseh 
1>/nxcompat 
1>/merge:.rdata=.text 
1>/pdbcompress 
1>/STACK:0x40000,0x2000 
1>/tsaware 
1>/dynamicbase 
1>/subsystem:console,6.01 
1>/base:0x400000 
1>/entry:wmainCRTStartup 
1>c:\development\projects\dokaix\dokan_control\objchk_win7_x86\i386\dokanctl.obj 
1>C:\WinDDK\7600.16385.1\lib\win7\i386\advapi32.lib 
1>C:\WinDDK\7600.16385.1\lib\win7\i386\kernel32.lib 
1>C:\WinDDK\7600.16385.1\lib\crt\i386\msvcrt.lib 
1>..\dokan\objchk_win7_x86\i386\dokan.lib 
